# JRE version: Java(TM) SE Runtime Environment (8.0_31-b13) (build 1.8.0_31-b13)
# Java VM: Java HotSpot(TM) 64-Bit Server VM (25.31-b07 mixed mode windows-amd64 compressed oops)
Heap:
 PSYoungGen      total 308224K, used 138432K [0x00000000eab00000, 0x00000000ff080000, 0x0000000100000000)
  eden space 289280K, 47% used [0x00000000eab00000,0x00000000f3230390,0x00000000fc580000)
  from space 18944K, 0% used [0x00000000fda00000,0x00000000fda00000,0x00000000fec80000)
  to   space 20992K, 0% used [0x00000000fc580000,0x00000000fc580000,0x00000000fda00000)
 ParOldGen       total 72704K, used 40977K [0x00000000c0000000, 0x00000000c4700000, 0x00000000eab00000)
  object space 72704K, 56% used [0x00000000c0000000,0x00000000c2804668,0x00000000c4700000)
 Metaspace       used 49296K, capacity 51318K, committed 51456K, reserved 1093632K
  class space    used 6726K, capacity 7141K, committed 7168K, reserved 1048576K
GC Heap History (10 events):
Event: 15.968 GC heap before
{Heap before GC invocations=11 (full 1):
 PSYoungGen      total 163328K, used 16659K [0x00000000eab00000, 0x00000000f8580000, 0x0000000100000000)
  eden space 149504K, 1% used [0x00000000eab00000,0x00000000eadcc450,0x00000000f3d00000)
  from space 13824K, 99% used [0x00000000f3d00000,0x00000000f4a78a68,0x00000000f4a80000)
  to   space 16384K, 0% used [0x00000000f7580000,0x00000000f7580000,0x00000000f8580000)
 ParOldGen       total 58880K, used 11138K [0x00000000c0000000, 0x00000000c3980000, 0x00000000eab00000)
  object space 58880K, 18% used [0x00000000c0000000,0x00000000c0ae0980,0x00000000c3980000)
 Metaspace       used 34697K, capacity 35388K, committed 35496K, reserved 1079296K
  class space    used 4610K, capacity 4786K, committed 4864K, reserved 1048576K
Event: 15.984 GC heap after
Heap after GC invocations=11 (full 1):
 PSYoungGen      total 207872K, used 8704K [0x00000000eab00000, 0x00000000fab00000, 0x0000000100000000)
  eden space 191488K, 0% used [0x00000000eab00000,0x00000000eab00000,0x00000000f6600000)
  from space 16384K, 53% used [0x00000000f7580000,0x00000000f7e00030,0x00000000f8580000)
  to   space 15872K, 0% used [0x00000000f6600000,0x00000000f6600000,0x00000000f7580000)
 ParOldGen       total 58880K, used 13358K [0x00000000c0000000, 0x00000000c3980000, 0x00000000eab00000)
  object space 58880K, 22% used [0x00000000c0000000,0x00000000c0d0b9a0,0x00000000c3980000)
 Metaspace       used 34697K, capacity 35388K, committed 35496K, reserved 1079296K
  class space    used 4610K, capacity 4786K, committed 4864K, reserved 1048576K
}
Event: 15.984 GC heap before
{Heap before GC invocations=12 (full 2):
 PSYoungGen      total 207872K, used 8704K [0x00000000eab00000, 0x00000000fab00000, 0x0000000100000000)
  eden space 191488K, 0% used [0x00000000eab00000,0x00000000eab00000,0x00000000f6600000)
  from space 16384K, 53% used [0x00000000f7580000,0x00000000f7e00030,0x00000000f8580000)
  to   space 15872K, 0% used [0x00000000f6600000,0x00000000f6600000,0x00000000f7580000)
 ParOldGen       total 58880K, used 13358K [0x00000000c0000000, 0x00000000c3980000, 0x00000000eab00000)
  object space 58880K, 22% used [0x00000000c0000000,0x00000000c0d0b9a0,0x00000000c3980000)
 Metaspace       used 34697K, capacity 35388K, committed 35496K, reserved 1079296K
  class space    used 4610K, capacity 4786K, committed 4864K, reserved 1048576K
Event: 16.134 GC heap after
Heap after GC invocations=12 (full 2):
 PSYoungGen      total 207872K, used 0K [0x00000000eab00000, 0x00000000fab00000, 0x0000000100000000)
  eden space 191488K, 0% used [0x00000000eab00000,0x00000000eab00000,0x00000000f6600000)
  from space 16384K, 0% used [0x00000000f7580000,0x00000000f7580000,0x00000000f8580000)
  to   space 15872K, 0% used [0x00000000f6600000,0x00000000f6600000,0x00000000f7580000)
 ParOldGen       total 72704K, used 16394K [0x00000000c0000000, 0x00000000c4700000, 0x00000000eab00000)
  object space 72704K, 22% used [0x00000000c0000000,0x00000000c1002998,0x00000000c4700000)
 Metaspace       used 34620K, capacity 35236K, committed 35496K, reserved 1079296K
  class space    used 4586K, capacity 4758K, committed 4864K, reserved 1048576K
}
Event: 24.931 GC heap before
{Heap before GC invocations=13 (full 2):
 PSYoungGen      total 207872K, used 191488K [0x00000000eab00000, 0x00000000fab00000, 0x0000000100000000)
  eden space 191488K, 100% used [0x00000000eab00000,0x00000000f6600000,0x00000000f6600000)
  from space 16384K, 0% used [0x00000000f7580000,0x00000000f7580000,0x00000000f8580000)
  to   space 15872K, 0% used [0x00000000f6600000,0x00000000f6600000,0x00000000f7580000)
 ParOldGen       total 72704K, used 16394K [0x00000000c0000000, 0x00000000c4700000, 0x00000000eab00000)
  object space 72704K, 22% used [0x00000000c0000000,0x00000000c1002998,0x00000000c4700000)
 Metaspace       used 43152K, capacity 44018K, committed 44288K, reserved 1087488K
  class space    used 5796K, capacity 6017K, committed 6144K, reserved 1048576K
Event: 24.978 GC heap after
Heap after GC invocations=13 (full 2):
 PSYoungGen      total 207360K, used 15853K [0x00000000eab00000, 0x00000000fec80000, 0x0000000100000000)
  eden space 191488K, 0% used [0x00000000eab00000,0x00000000eab00000,0x00000000f6600000)
  from space 15872K, 99% used [0x00000000f6600000,0x00000000f757b570,0x00000000f7580000)
  to   space 18944K, 0% used [0x00000000fda00000,0x00000000fda00000,0x00000000fec80000)
 ParOldGen       total 72704K, used 17855K [0x00000000c0000000, 0x00000000c4700000, 0x00000000eab00000)
  object space 72704K, 24% used [0x00000000c0000000,0x00000000c116fec8,0x00000000c4700000)
 Metaspace       used 43152K, capacity 44018K, committed 44288K, reserved 1087488K
  class space    used 5796K, capacity 6017K, committed 6144K, reserved 1048576K
}
Event: 29.224 GC heap before
{Heap before GC invocations=14 (full 2):
 PSYoungGen      total 207360K, used 171227K [0x00000000eab00000, 0x00000000fec80000, 0x0000000100000000)
  eden space 191488K, 81% used [0x00000000eab00000,0x00000000f42bb9c8,0x00000000f6600000)
  from space 15872K, 99% used [0x00000000f6600000,0x00000000f757b570,0x00000000f7580000)
  to   space 18944K, 0% used [0x00000000fda00000,0x00000000fda00000,0x00000000fec80000)
 ParOldGen       total 72704K, used 17855K [0x00000000c0000000, 0x00000000c4700000, 0x00000000eab00000)
  object space 72704K, 24% used [0x00000000c0000000,0x00000000c116fec8,0x00000000c4700000)
 Metaspace       used 48440K, capacity 50078K, committed 50304K, reserved 1093632K
  class space    used 6663K, capacity 7002K, committed 7040K, reserved 1048576K
Event: 29.312 GC heap after
Heap after GC invocations=14 (full 2):
 PSYoungGen      total 308224K, used 16363K [0x00000000eab00000, 0x00000000ff080000, 0x0000000100000000)
  eden space 289280K, 0% used [0x00000000eab00000,0x00000000eab00000,0x00000000fc580000)
  from space 18944K, 86% used [0x00000000fda00000,0x00000000fe9fad40,0x00000000fec80000)
  to   space 20992K, 0% used [0x00000000fc580000,0x00000000fc580000,0x00000000fda00000)
 ParOldGen       total 72704K, used 28101K [0x00000000c0000000, 0x00000000c4700000, 0x00000000eab00000)
  object space 72704K, 38% used [0x00000000c0000000,0x00000000c1b717d0,0x00000000c4700000)
 Metaspace       used 48440K, capacity 50078K, committed 50304K, reserved 1093632K
  class space    used 6663K, capacity 7002K, committed 7040K, reserved 1048576K
}
Event: 29.313 GC heap before
{Heap before GC invocations=15 (full 3):
 PSYoungGen      total 308224K, used 16363K [0x00000000eab00000, 0x00000000ff080000, 0x0000000100000000)
  eden space 289280K, 0% used [0x00000000eab00000,0x00000000eab00000,0x00000000fc580000)
  from space 18944K, 86% used [0x00000000fda00000,0x00000000fe9fad40,0x00000000fec80000)
  to   space 20992K, 0% used [0x00000000fc580000,0x00000000fc580000,0x00000000fda00000)
 ParOldGen       total 72704K, used 28101K [0x00000000c0000000, 0x00000000c4700000, 0x00000000eab00000)
  object space 72704K, 38% used [0x00000000c0000000,0x00000000c1b717d0,0x00000000c4700000)
 Metaspace       used 48440K, capacity 50078K, committed 50304K, reserved 1093632K
  class space    used 6663K, capacity 7002K, committed 7040K, reserved 1048576K
Event: 30.182 GC heap after
Heap after GC invocations=15 (full 3):
 PSYoungGen      total 308224K, used 0K [0x00000000eab00000, 0x00000000ff080000, 0x0000000100000000)
  eden space 289280K, 0% used [0x00000000eab00000,0x00000000eab00000,0x00000000fc580000)
  from space 18944K, 0% used [0x00000000fda00000,0x00000000fda00000,0x00000000fec80000)
  to   space 20992K, 0% used [0x00000000fc580000,0x00000000fc580000,0x00000000fda00000)
 ParOldGen       total 72704K, used 40977K [0x00000000c0000000, 0x00000000c4700000, 0x00000000eab00000)
  object space 72704K, 56% used [0x00000000c0000000,0x00000000c2804668,0x00000000c4700000)
 Metaspace       used 48440K, capacity 50078K, committed 50304K, reserved 1093632K
  class space    used 6663K, capacity 7002K, committed 7040K, reserved 1048576K
}

